Determining if the pthread_create exist failed with the following output:
Change Dir: /home/oslab/catkin_ws1/build/CMakeFiles/CMakeTmp

Run Build Command:"/usr/bin/make" "cmTC_a0bf0/fast"
/usr/bin/make -f CMakeFiles/cmTC_a0bf0.dir/build.make CMakeFiles/cmTC_a0bf0.dir/build
make[1]: 正在进入目录 `/home/oslab/catkin_ws1/build/CMakeFiles/CMakeTmp'
Building C object CMakeFiles/cmTC_a0bf0.dir/CheckSymbolExists.c.o
/usr/bin/cc     -o CMakeFiles/cmTC_a0bf0.dir/CheckSymbolExists.c.o   -c /home/oslab/catkin_ws1/build/CMakeFiles/CMakeTmp/CheckSymbolExists.c
Linking C executable cmTC_a0bf0
/usr/bin/cmake -E cmake_link_script CMakeFiles/cmTC_a0bf0.dir/link.txt --verbose=1
/usr/bin/cc       CMakeFiles/cmTC_a0bf0.dir/CheckSymbolExists.c.o  -o cmTC_a0bf0 -rdynamic 
CMakeFiles/cmTC_a0bf0.dir/CheckSymbolExists.c.o：在函数‘main’中：
CheckSymbolExists.c:(.text+0x16)：对‘pthread_create’未定义的引用
collect2: error: ld returned 1 exit status
make[1]: *** [cmTC_a0bf0] 错误 1
make[1]:正在离开目录 `/home/oslab/catkin_ws1/build/CMakeFiles/CMakeTmp'
make: *** [cmTC_a0bf0/fast] 错误 2

File /home/oslab/catkin_ws1/build/CMakeFiles/CMakeTmp/CheckSymbolExists.c:
/* */
#include <pthread.h>

int main(int argc, char** argv)
{
  (void)argv;
#ifndef pthread_create
  return ((int*)(&pthread_create))[argc];
#else
  (void)argc;
  return 0;
#endif
}

Determining if the function pthread_create exists in the pthreads failed with the following output:
Change Dir: /home/oslab/catkin_ws1/build/CMakeFiles/CMakeTmp

Run Build Command:"/usr/bin/make" "cmTC_21eff/fast"
/usr/bin/make -f CMakeFiles/cmTC_21eff.dir/build.make CMakeFiles/cmTC_21eff.dir/build
make[1]: 正在进入目录 `/home/oslab/catkin_ws1/build/CMakeFiles/CMakeTmp'
Building C object CMakeFiles/cmTC_21eff.dir/CheckFunctionExists.c.o
/usr/bin/cc    -DCHECK_FUNCTION_EXISTS=pthread_create   -o CMakeFiles/cmTC_21eff.dir/CheckFunctionExists.c.o   -c /usr/share/cmake-3.5/Modules/CheckFunctionExists.c
Linking C executable cmTC_21eff
/usr/bin/cmake -E cmake_link_script CMakeFiles/cmTC_21eff.dir/link.txt --verbose=1
/usr/bin/cc   -DCHECK_FUNCTION_EXISTS=pthread_create    CMakeFiles/cmTC_21eff.dir/CheckFunctionExists.c.o  -o cmTC_21eff -rdynamic -lpthreads 
/usr/bin/ld: 找不到 -lpthreads
collect2: error: ld returned 1 exit status
make[1]: *** [cmTC_21eff] 错误 1
make[1]:正在离开目录 `/home/oslab/catkin_ws1/build/CMakeFiles/CMakeTmp'
make: *** [cmTC_21eff/fast] 错误 2


Determining if the CL_VERSION_2_0 exist failed with the following output:
Change Dir: /home/oslab/catkin_ws1/build/CMakeFiles/CMakeTmp

Run Build Command:"/usr/bin/make" "cmTC_a7709/fast"
/usr/bin/make -f CMakeFiles/cmTC_a7709.dir/build.make CMakeFiles/cmTC_a7709.dir/build
make[1]: 正在进入目录 `/home/oslab/catkin_ws1/build/CMakeFiles/CMakeTmp'
Building C object CMakeFiles/cmTC_a7709.dir/CheckSymbolExists.c.o
/usr/bin/cc   -I/usr/local/include   -o CMakeFiles/cmTC_a7709.dir/CheckSymbolExists.c.o   -c /home/oslab/catkin_ws1/build/CMakeFiles/CMakeTmp/CheckSymbolExists.c
/home/oslab/catkin_ws1/build/CMakeFiles/CMakeTmp/CheckSymbolExists.c: In function ‘main’:
/home/oslab/catkin_ws1/build/CMakeFiles/CMakeTmp/CheckSymbolExists.c:8:19: error: ‘CL_VERSION_2_0’ undeclared (first use in this function)
   return ((int*)(&CL_VERSION_2_0))[argc];
                   ^
/home/oslab/catkin_ws1/build/CMakeFiles/CMakeTmp/CheckSymbolExists.c:8:19: note: each undeclared identifier is reported only once for each function it appears in
make[1]: *** [CMakeFiles/cmTC_a7709.dir/CheckSymbolExists.c.o] 错误 1
make[1]:正在离开目录 `/home/oslab/catkin_ws1/build/CMakeFiles/CMakeTmp'
make: *** [cmTC_a7709/fast] 错误 2

File /home/oslab/catkin_ws1/build/CMakeFiles/CMakeTmp/CheckSymbolExists.c:
/* */
#include </usr/local/include/CL/cl.h>

int main(int argc, char** argv)
{
  (void)argv;
#ifndef CL_VERSION_2_0
  return ((int*)(&CL_VERSION_2_0))[argc];
#else
  (void)argc;
  return 0;
#endif
}

